<?xml version="1.0" encoding="UTF-8"?>
<!-- Generated by org.testng.reporters.JUnitXMLReporter -->
<testsuite hostname="DESKTOP-H11KTUE" ignored="0" name="Default test" tests="4" failures="0" timestamp="20 Oct 2020 08:45:49 GMT" time="72.659" errors="0">
  <testcase name="tittleTest" time="30.37" classname="com.crm.qa.test.HomePageTest"/>
  <testcase name="createPostTest" time="0.088" classname="com.crm.qa.test.HomePageTest"/>
  <testcase name="messengerPageTest" time="11.974" classname="com.crm.qa.test.HomePageTest"/>
  <testcase name="userPageTest" time="5.884" classname="com.crm.qa.test.HomePageTest"/>
</testsuite> <!-- Default test -->
